<?xml version="1.0" encoding="UTF-8"?>
<!-- Generated by org.testng.reporters.JUnitReportReporter -->
<testsuite hostname="DESKTOP-TVKQ1TM" failures="0" tests="4" name="testClasses.HomePageTextClass" time="45.702" errors="0" timestamp="2024-07-31T18:56:52 IST" skipped="0">
  <testcase classname="testClasses.HomePageTextClass" name="verifyRegisterAPatientLinkIeDisplayedOnHomePage" time="11.598"/>
  <system-out/>
  <testcase classname="testClasses.HomePageTextClass" name="verifyFindPatientRecordLinkIsDisplayed" time="13.991"/>
  <system-out/>
  <testcase classname="testClasses.HomePageTextClass" name="verifyLogoutFunctionality" time="9.506"/>
  <system-out/>
  <testcase classname="testClasses.HomePageTextClass" name="verifyAdminDropdownMyAccountAndHomeIcon" time="10.607"/>
  <system-out/>
</testsuite> <!-- testClasses.HomePageTextClass -->
