<?xml version="1.0" encoding="UTF-8"?>
<!-- Generated by org.testng.reporters.JUnitReportReporter -->
<testsuite hostname="DESKTOP-TVKQ1TM" failures="0" tests="7" name="testClasses.LoginPageTextClass" time="57.949" errors="0" timestamp="2024-07-31T18:56:52 IST" skipped="0">
  <testcase classname="testClasses.LoginPageTextClass" name="verifyTheExpectedPageisOpensWhileHittingTheUrl" time="4.686"/>
  <system-out/>
  <testcase classname="testClasses.LoginPageTextClass" name="veryfyLogoIsDisplayedOrNotInLoginPage" time="7.679"/>
  <system-out/>
  <testcase classname="testClasses.LoginPageTextClass" name="verifySuccesfullogin" time="10.510"/>
  <system-out/>
  <testcase classname="testClasses.LoginPageTextClass" name="verifyUnsuccessfulLogin" time="8.049"/>
  <system-out/>
  <testcase classname="testClasses.LoginPageTextClass" name="verifyUnsuccessfulLogin" time="11.477"/>
  <system-out/>
  <testcase classname="testClasses.LoginPageTextClass" name="verifyUnsuccessfulLogin" time="9.817"/>
  <system-out/>
  <testcase classname="testClasses.LoginPageTextClass" name="verifyAllLocationSessionsAreDisplayedOrNotInLoginPage" time="5.731"/>
  <system-out/>
</testsuite> <!-- testClasses.LoginPageTextClass -->
