<?xml version="1.0" encoding="UTF-8"?>
<!-- Generated by org.testng.reporters.JUnitReportReporter -->
<testsuite hostname="DESKTOP-TVKQ1TM" failures="0" tests="1" name="testClasses.RegisterAPatientTextClass" time="28.976" errors="0" timestamp="2024-07-31T18:56:52 IST" skipped="0">
  <testcase classname="testClasses.RegisterAPatientTextClass" name="verifyToSelecttheButtonToGoToRegiterAPatientPage" time="28.976"/>
  <system-out/>
</testsuite> <!-- testClasses.RegisterAPatientTextClass -->
