<?xml version="1.0" encoding="UTF-8"?>
<!-- Generated by org.testng.reporters.JUnitReportReporter -->
<testsuite hostname="DESKTOP-TVKQ1TM" failures="0" tests="8" name="testClasses.PatientDetailsTests" time="90.407" errors="0" timestamp="2024-07-31T18:56:52 IST" skipped="0">
  <testcase classname="testClasses.PatientDetailsTests" name="verifySearchFunctionality" time="16.616"/>
  <system-out/>
  <testcase classname="testClasses.PatientDetailsTests" name="verifyNavigationToFindPatientRecordPage" time="10.928"/>
  <system-out/>
  <testcase classname="testClasses.PatientDetailsTests" name="testFindPatientByIdentifier" time="10.249"/>
  <system-out/>
  <testcase classname="testClasses.PatientDetailsTests" name="testFindPatientByName" time="9.674"/>
  <system-out/>
  <testcase classname="testClasses.PatientDetailsTests" name="testFindPatientAndVerifyGender" time="9.702"/>
  <system-out/>
  <testcase classname="testClasses.PatientDetailsTests" name="testFindPatientAndVerifyAge" time="9.032"/>
  <system-out/>
  <testcase classname="testClasses.PatientDetailsTests" name="testFindPatientCaseInsensitive" time="10.226"/>
  <system-out/>
  <testcase classname="testClasses.PatientDetailsTests" name="testFindPatientPartialName" time="13.980"/>
  <system-out/>
</testsuite> <!-- testClasses.PatientDetailsTests -->
